1513913480878	geckodriver	INFO	geckodriver 0.19.1
1513913480883	geckodriver	INFO	Listening on 127.0.0.1:42943
1513913482028	mozrunner::runner	INFO	Running command: "/usr/bin/firefox" "-marionette" "-profile" "/tmp/rust_mozprofile.z14Wp3ATEDwc"
1513913482841	Marionette	INFO	Enabled via --marionette
1513913484448	Marionette	INFO	Listening on port 44576
1513913484549	Marionette	WARN	TLS certificate errors will be ignored for this session
1513913484635	Marionette	DEBUG	Register listener.js for window 2147483649
1513913484775	Marionette	DEBUG	Received DOM event "beforeunload" for "about:blank"
1513913485584	Marionette	DEBUG	Received DOM event "pagehide" for "about:blank"
1513913485585	Marionette	DEBUG	Received DOM event "unload" for "about:blank"
1513913487621	Marionette	DEBUG	Received DOM event "DOMContentLoaded" for "https://www.aa.com/homePage.do"
1513913487961	Marionette	DEBUG	Received observer notification "outer-window-destroyed" for "2147483659"
1513913491561	Marionette	DEBUG	Received DOM event "pageshow" for "https://www.aa.com/homePage.do"
1513913493836	Marionette	DEBUG	Canceled page load listener because no navigation has been detected
1513913493903	Marionette	DEBUG	Received DOM event "pagehide" for "https://www.aa.com/homePage.do"
1513913493906	Marionette	DEBUG	Received DOM event "unload" for "https://www.aa.com/homePage.do"
1513913493945	Marionette	DEBUG	Received DOM event "DOMContentLoaded" for "https://www.aa.com/sorry.html"
1513913493946	Marionette	DEBUG	Received observer notification "outer-window-destroyed" for "2147483653"
1513913493947	Marionette	DEBUG	Received observer notification "outer-window-destroyed" for "2147483655"
1513913493947	Marionette	DEBUG	Received observer notification "outer-window-destroyed" for "2147483657"
1513913493947	Marionette	DEBUG	Received observer notification "outer-window-destroyed" for "2147483661"
1513913493947	Marionette	DEBUG	Received observer notification "outer-window-destroyed" for "2147483663"
1513913493953	Marionette	DEBUG	Received observer notification "outer-window-destroyed" for "2147483665"
1513913493954	Marionette	DEBUG	Received observer notification "outer-window-destroyed" for "2147483667"
1513913493954	Marionette	DEBUG	Received observer notification "outer-window-destroyed" for "2147483669"
1513913493966	Marionette	DEBUG	Received DOM event "pageshow" for "https://www.aa.com/sorry.html"
[Parent 31426, Gecko_IOThread] WARNING: pipe error (40): Connection reset by peer: file /build/firefox-bfYN6l/firefox-57.0.1+build2/ipc/chromium/src/chrome/common/ipc_channel_posix.cc, line 353
*** UTM:SVC TimerManager:registerTimer called after profile-before-change notification. Ignoring timer registration for id: telemetry_modules_ping
1513913515442	geckodriver	INFO	geckodriver 0.19.1
1513913515449	geckodriver	INFO	Listening on 127.0.0.1:42435
1513913516583	mozrunner::runner	INFO	Running command: "/usr/bin/firefox" "-marionette" "-profile" "/tmp/rust_mozprofile.0veJUethc7eH"
1513913517217	Marionette	INFO	Enabled via --marionette
1513913519280	Marionette	INFO	Listening on port 43200
1513913519309	Marionette	WARN	TLS certificate errors will be ignored for this session
1513913519394	Marionette	DEBUG	Register listener.js for window 2147483649
1513913519432	Marionette	DEBUG	Received DOM event "beforeunload" for "about:blank"
1513913520827	Marionette	DEBUG	Received DOM event "pagehide" for "about:blank"
1513913520827	Marionette	DEBUG	Received DOM event "unload" for "about:blank"
1513913520990	Marionette	DEBUG	Received DOM event "pageshow" for "https://www.delta.com/"
1513913521010	Marionette	DEBUG	Received DOM event "DOMContentLoaded" for "https://www.delta.com/"
1513913524775	Marionette	DEBUG	Received DOM event "DOMContentLoaded" for "https://www.delta.com/"
1513913526225	Marionette	DEBUG	Received observer notification "outer-window-destroyed" for "2147483657"
ATTENTION: default value of option force_s3tc_enable overridden by environment.
1513913530295	Marionette	DEBUG	Received DOM event "pageshow" for "https://www.delta.com/"
1513913532824	Marionette	DEBUG	Received observer notification "outer-window-destroyed" for "2147483665"
1513913532825	Marionette	DEBUG	Received observer notification "outer-window-destroyed" for "2147483667"
1513913532843	Marionette	DEBUG	Canceled page load listener because no navigation has been detected
1513913533351	Marionette	DEBUG	Canceled page load listener because no navigation has been detected
[Child 31660, Chrome_ChildThread] WARNING: pipe error (20): Connection reset by peer: file /build/firefox-bfYN6l/firefox-57.0.1+build2/ipc/chromium/src/chrome/common/ipc_channel_posix.cc, line 353
[Child 31660, Chrome_ChildThread] WARNING: pipe error (3): Connection reset by peer: file /build/firefox-bfYN6l/firefox-57.0.1+build2/ipc/chromium/src/chrome/common/ipc_channel_posix.cc, line 353
1513915976803	geckodriver	INFO	geckodriver 0.19.1
1513915976807	geckodriver	INFO	Listening on 127.0.0.1:48447
1513915977949	mozrunner::runner	INFO	Running command: "/usr/bin/firefox" "-marionette" "-profile" "/tmp/rust_mozprofile.GDwL2k9mX60f"
1513915978609	Marionette	INFO	Enabled via --marionette
1513915980205	Marionette	INFO	Listening on port 38440
1513915980267	Marionette	WARN	TLS certificate errors will be ignored for this session
1513915980350	Marionette	DEBUG	Register listener.js for window 2147483649
1513915980405	Marionette	DEBUG	Received DOM event "beforeunload" for "about:blank"
1513915980850	Marionette	DEBUG	Received DOM event "pagehide" for "about:blank"
1513915980851	Marionette	DEBUG	Received DOM event "unload" for "about:blank"
1513915981002	Marionette	DEBUG	Received DOM event "pageshow" for "https://www.delta.com/"
1513915981022	Marionette	DEBUG	Received DOM event "DOMContentLoaded" for "https://www.delta.com/"
1513915985125	Marionette	DEBUG	Received DOM event "DOMContentLoaded" for "https://www.delta.com/"
1513915986584	Marionette	DEBUG	Received observer notification "outer-window-destroyed" for "2147483657"
ATTENTION: default value of option force_s3tc_enable overridden by environment.
1513915988634	Marionette	DEBUG	Received DOM event "pageshow" for "https://www.delta.com/"
1513915991522	Marionette	DEBUG	Received observer notification "outer-window-destroyed" for "2147483665"
1513915991522	Marionette	DEBUG	Received observer notification "outer-window-destroyed" for "2147483667"
1513915991537	Marionette	DEBUG	Canceled page load listener because no navigation has been detected
1513915991854	Marionette	DEBUG	Received observer notification "outer-window-destroyed" for "2147483671"
1513915991967	Marionette	DEBUG	Canceled page load listener because no navigation has been detected
1513917097375	geckodriver	INFO	geckodriver 0.19.1
1513917097379	geckodriver	INFO	Listening on 127.0.0.1:56645
1513917098531	mozrunner::runner	INFO	Running command: "/usr/bin/firefox" "-marionette" "-profile" "/tmp/rust_mozprofile.0WHp5kZz3jLl"
1513917099075	Marionette	INFO	Enabled via --marionette
1513917100602	Marionette	INFO	Listening on port 37339
1513917100658	Marionette	WARN	TLS certificate errors will be ignored for this session
1513917100722	Marionette	DEBUG	Register listener.js for window 2147483649
1513917100750	Marionette	DEBUG	Received DOM event "beforeunload" for "about:blank"
1513917101193	Marionette	DEBUG	Received DOM event "pagehide" for "about:blank"
1513917101193	Marionette	DEBUG	Received DOM event "unload" for "about:blank"
1513917101328	Marionette	DEBUG	Received DOM event "pageshow" for "https://www.delta.com/"
1513917101351	Marionette	DEBUG	Received DOM event "DOMContentLoaded" for "https://www.delta.com/"
JavaScript error: https://content.delta.com/content/dam/delta-applications/js/sitewide/v4.12.0/criticalPath.min.js, line 1: Error: TrackJS Caught: [Exception... "Component not initialized"  nsresult: "0xc1f30001 (NS_ERROR_NOT_INITIALIZED)"  location: "JS frame :: https://www.delta.com/etc/clientlibs/foundation/personalization/kernel.min.js :: CQ_Analytics.ClientContextMgr.prototype.register :: line 554"  data: no]
JavaScript error: https://content.delta.com/content/dam/delta-applications/js/sitewide/v4.12.0/criticalPath.min.js, line 1: Error: TrackJS Caught: CookieUtils.get(...) is undefined
JavaScript error: chrome://followonsearch/content/followonsearch-fs.js?q=0.4872280634219921, line 264: TypeError: win is null
1513917105124	Marionette	DEBUG	Received DOM event "DOMContentLoaded" for "https://www.delta.com/"
1513917105125	Marionette	DEBUG	Received observer notification "outer-window-destroyed" for "2147483649"
*** UTM:SVC TimerManager:registerTimer called after profile-before-change notification. Ignoring timer registration for id: telemetry_modules_ping
1513917115892	geckodriver	INFO	geckodriver 0.19.1
1513917115899	geckodriver	INFO	Listening on 127.0.0.1:53804
1513917117046	mozrunner::runner	INFO	Running command: "/usr/bin/firefox" "-marionette" "-profile" "/tmp/rust_mozprofile.UbosU4j307D4"
1513917117583	Marionette	INFO	Enabled via --marionette
1513917118852	Marionette	INFO	Listening on port 39056
1513917118956	Marionette	WARN	TLS certificate errors will be ignored for this session
1513917119020	Marionette	DEBUG	Register listener.js for window 2147483649
1513917119040	Marionette	DEBUG	Received DOM event "beforeunload" for "about:blank"
1513917119806	Marionette	DEBUG	Received DOM event "pagehide" for "about:blank"
1513917119806	Marionette	DEBUG	Received DOM event "unload" for "about:blank"
1513917121862	Marionette	DEBUG	Received DOM event "DOMContentLoaded" for "https://www.aa.com/homePage.do"
1513917122078	Marionette	DEBUG	Received observer notification "outer-window-destroyed" for "2147483659"
1513917124181	Marionette	DEBUG	Received DOM event "pageshow" for "https://www.aa.com/homePage.do"
*** UTM:SVC TimerManager:registerTimer called after profile-before-change notification. Ignoring timer registration for id: telemetry_modules_ping
1513917268336	geckodriver	INFO	geckodriver 0.19.1
1513917268340	geckodriver	INFO	Listening on 127.0.0.1:57969
1513917269486	mozrunner::runner	INFO	Running command: "/usr/bin/firefox" "-marionette" "-profile" "/tmp/rust_mozprofile.7Tv4GeIDt16Y"
1513917270014	Marionette	INFO	Enabled via --marionette
1513917271265	Marionette	INFO	Listening on port 33815
1513917271322	Marionette	WARN	TLS certificate errors will be ignored for this session
1513917271382	Marionette	DEBUG	Register listener.js for window 2147483649
1513917271411	Marionette	DEBUG	Received DOM event "beforeunload" for "about:blank"
1513917277202	Marionette	DEBUG	Received DOM event "pagehide" for "about:blank"
1513917277203	Marionette	DEBUG	Received DOM event "unload" for "about:blank"
1513917278960	Marionette	DEBUG	Received DOM event "DOMContentLoaded" for "https://www.aa.com/homePage.do"
1513917279199	Marionette	DEBUG	Received observer notification "outer-window-destroyed" for "2147483659"
1513917281368	Marionette	DEBUG	Received DOM event "pageshow" for "https://www.aa.com/homePage.do"
1513920900250	geckodriver	INFO	geckodriver 0.19.1
1513920900254	geckodriver	INFO	Listening on 127.0.0.1:45677
1513920901377	mozrunner::runner	INFO	Running command: "/usr/bin/firefox" "-marionette" "-profile" "/tmp/rust_mozprofile.sVHGc3jQRXV6"
1513920901900	Marionette	INFO	Enabled via --marionette
1513920903198	Marionette	INFO	Listening on port 39199
1513920903297	Marionette	WARN	TLS certificate errors will be ignored for this session
1513920903362	Marionette	DEBUG	Register listener.js for window 2147483649
1513920903389	Marionette	DEBUG	Received DOM event "beforeunload" for "about:blank"
1513920903861	Marionette	DEBUG	Received DOM event "pagehide" for "about:blank"
1513920903861	Marionette	DEBUG	Received DOM event "unload" for "about:blank"
1513920903990	Marionette	DEBUG	Received DOM event "pageshow" for "https://www.delta.com/"
1513920904005	Marionette	DEBUG	Received DOM event "DOMContentLoaded" for "https://www.delta.com/"
1513920906588	Marionette	DEBUG	Received DOM event "DOMContentLoaded" for "https://www.delta.com/"
1513920907740	Marionette	DEBUG	Received observer notification "outer-window-destroyed" for "2147483657"
ATTENTION: default value of option force_s3tc_enable overridden by environment.
1513920911411	Marionette	DEBUG	Received DOM event "pageshow" for "https://www.delta.com/"
1513920913678	Marionette	DEBUG	Canceled page load listener because no navigation has been detected
1513920913915	Marionette	DEBUG	Received observer notification "outer-window-destroyed" for "2147483665"
1513920913916	Marionette	DEBUG	Received observer notification "outer-window-destroyed" for "2147483667"
1513920913924	Marionette	DEBUG	Received observer notification "outer-window-destroyed" for "2147483669"
1513920914050	Marionette	DEBUG	Canceled page load listener because no navigation has been detected
1513921008268	geckodriver	INFO	geckodriver 0.19.1
1513921008271	geckodriver	INFO	Listening on 127.0.0.1:59670
1513921009425	mozrunner::runner	INFO	Running command: "/usr/bin/firefox" "-marionette" "-profile" "/tmp/rust_mozprofile.m1ZkV4bQ480G"
1513921009950	Marionette	INFO	Enabled via --marionette
1513921011422	Marionette	INFO	Listening on port 46133
1513921011435	Marionette	WARN	TLS certificate errors will be ignored for this session
1513921011497	Marionette	DEBUG	Register listener.js for window 2147483649
1513921011537	Marionette	DEBUG	Received DOM event "beforeunload" for "about:blank"
1513921011864	Marionette	DEBUG	Received DOM event "pagehide" for "about:blank"
1513921011865	Marionette	DEBUG	Received DOM event "unload" for "about:blank"
1513921012061	Marionette	DEBUG	Received DOM event "pageshow" for "https://www.delta.com/"
1513921012078	Marionette	DEBUG	Received DOM event "DOMContentLoaded" for "https://www.delta.com/"
1513921014848	Marionette	DEBUG	Received DOM event "DOMContentLoaded" for "https://www.delta.com/"
1513921016284	Marionette	DEBUG	Received observer notification "outer-window-destroyed" for "2147483660"
ATTENTION: default value of option force_s3tc_enable overridden by environment.
1513921017984	Marionette	DEBUG	Received DOM event "pageshow" for "https://www.delta.com/"
1513921019944	Marionette	DEBUG	Canceled page load listener because no navigation has been detected
1513921020370	Marionette	DEBUG	Received observer notification "outer-window-destroyed" for "2147483665"
1513921020370	Marionette	DEBUG	Received observer notification "outer-window-destroyed" for "2147483667"
1513921020383	Marionette	DEBUG	Received observer notification "outer-window-destroyed" for "2147483671"
1513921020520	Marionette	DEBUG	Canceled page load listener because no navigation has been detected

###!!! [Child][RunMessage] Error: Channel closing: too late to send/recv, messages will be lost

1513921155925	geckodriver	INFO	geckodriver 0.19.1
1513921155929	geckodriver	INFO	Listening on 127.0.0.1:59171
1513921157077	mozrunner::runner	INFO	Running command: "/usr/bin/firefox" "-marionette" "-profile" "/tmp/rust_mozprofile.D5IPUccFjQn6"
1513921157597	Marionette	INFO	Enabled via --marionette
1513921158885	Marionette	INFO	Listening on port 36647
1513921158889	Marionette	WARN	TLS certificate errors will be ignored for this session
1513921158953	Marionette	DEBUG	Register listener.js for window 2147483649
1513921158974	Marionette	DEBUG	Received DOM event "beforeunload" for "about:blank"
1513921159400	Marionette	DEBUG	Received DOM event "pagehide" for "about:blank"
1513921159400	Marionette	DEBUG	Received DOM event "unload" for "about:blank"
1513921159615	Marionette	DEBUG	Received DOM event "pageshow" for "https://www.delta.com/"
1513921159640	Marionette	DEBUG	Received DOM event "DOMContentLoaded" for "https://www.delta.com/"
1513921162276	Marionette	DEBUG	Received DOM event "DOMContentLoaded" for "https://www.delta.com/"
1513921162739	Marionette	DEBUG	Received observer notification "outer-window-destroyed" for "2147483657"
ATTENTION: default value of option force_s3tc_enable overridden by environment.
1513921165242	Marionette	DEBUG	Received DOM event "pageshow" for "https://www.delta.com/"
1513921167102	Marionette	DEBUG	Received observer notification "outer-window-destroyed" for "2147483665"
1513921167103	Marionette	DEBUG	Received observer notification "outer-window-destroyed" for "2147483667"
1513921167160	Marionette	DEBUG	Canceled page load listener because no navigation has been detected
1513921167478	Marionette	DEBUG	Received observer notification "outer-window-destroyed" for "2147483671"
1513921167622	Marionette	DEBUG	Canceled page load listener because no navigation has been detected
1513921177793	geckodriver	INFO	geckodriver 0.19.1
1513921177797	geckodriver	INFO	Listening on 127.0.0.1:45536
1513921178942	mozrunner::runner	INFO	Running command: "/usr/bin/firefox" "-marionette" "-profile" "/tmp/rust_mozprofile.NQTT17VkvN0I"
1513921179503	Marionette	INFO	Enabled via --marionette
1513921180769	Marionette	INFO	Listening on port 39353
1513921180866	Marionette	WARN	TLS certificate errors will be ignored for this session
1513921180930	Marionette	DEBUG	Register listener.js for window 2147483649
1513921180947	Marionette	DEBUG	Received DOM event "beforeunload" for "about:blank"
1513921181317	Marionette	DEBUG	Received DOM event "pagehide" for "about:blank"
1513921181317	Marionette	DEBUG	Received DOM event "unload" for "about:blank"
1513921181493	Marionette	DEBUG	Received DOM event "pageshow" for "https://www.delta.com/"
1513921181509	Marionette	DEBUG	Received DOM event "DOMContentLoaded" for "https://www.delta.com/"
1513921184096	Marionette	DEBUG	Received DOM event "DOMContentLoaded" for "https://www.delta.com/"
1513921184550	Marionette	DEBUG	Received observer notification "outer-window-destroyed" for "2147483657"
ATTENTION: default value of option force_s3tc_enable overridden by environment.
1513921187045	Marionette	DEBUG	Received DOM event "pageshow" for "https://www.delta.com/"
1513921189569	Marionette	DEBUG	Received observer notification "outer-window-destroyed" for "2147483665"
1513921189569	Marionette	DEBUG	Received observer notification "outer-window-destroyed" for "2147483667"
1513921189584	Marionette	DEBUG	Canceled page load listener because no navigation has been detected
1513921189835	Marionette	DEBUG	Received observer notification "outer-window-destroyed" for "2147483671"
1513921189963	Marionette	DEBUG	Canceled page load listener because no navigation has been detected
Handler function NetworkEventActorProxy.addSecurityInfo threw an exception: [Exception... "Component returned failure code: 0xc1f30001 (NS_ERROR_NOT_INITIALIZED) [nsIMessageSender.sendAsyncMessage]"  nsresult: "0xc1f30001 (NS_ERROR_NOT_INITIALIZED)"  location: "JS frame :: resource://devtools/shared/base-loader.js -> resource://devtools/shared/webconsole/network-monitor.js :: NetworkEventActorProxy.methodFactory/< :: line 1690"  data: no]
Stack: NetworkEventActorProxy.methodFactory/<@resource://devtools/shared/base-loader.js -> resource://devtools/shared/webconsole/network-monitor.js:1690:5
exports.makeInfallible/<@resource://devtools/shared/base-loader.js -> resource://devtools/shared/ThreadSafeDevToolsUtils.js:109:14
NetworkResponseListener.prototype._getSecurityInfo<@resource://devtools/shared/base-loader.js -> resource://devtools/shared/webconsole/network-monitor.js:495:5
exports.makeInfallible/<@resource://devtools/shared/base-loader.js -> resource://devtools/shared/ThreadSafeDevToolsUtils.js:109:14
onStartRequest@resource://devtools/shared/base-loader.js -> resource://devtools/shared/webconsole/network-monitor.js:436:5
Line: 1690, column: 0
console.error: 
  Handler function NetworkEventActorProxy.addSecurityInfo threw an exception: [Exception... "Component returned failure code: 0xc1f30001 (NS_ERROR_NOT_INITIALIZED) [nsIMessageSender.sendAsyncMessage]"  nsresult: "0xc1f30001 (NS_ERROR_NOT_INITIALIZED)"  location: "JS frame :: resource://devtools/shared/base-loader.js -> resource://devtools/shared/webconsole/network-monitor.js :: NetworkEventActorProxy.methodFactory/< :: line 1690"  data: no]
Stack: NetworkEventActorProxy.methodFactory/<@resource://devtools/shared/base-loader.js -> resource://devtools/shared/webconsole/network-monitor.js:1690:5
exports.makeInfallible/<@resource://devtools/shared/base-loader.js -> resource://devtools/shared/ThreadSafeDevToolsUtils.js:109:14
NetworkResponseListener.prototype._getSecurityInfo<@resource://devtools/shared/base-loader.js -> resource://devtools/shared/webconsole/network-monitor.js:495:5
exports.makeInfallible/<@resource://devtools/shared/base-loader.js -> resource://devtools/shared/ThreadSafeDevToolsUtils.js:109:14
onStartRequest@resource://devtools/shared/base-loader.js -> resource://devtools/shared/webconsole/network-monitor.js:436:5
Line: 1690, column: 0
Handler function NetworkEventActorProxy.addResponseContent threw an exception: [Exception... "Component returned failure code: 0xc1f30001 (NS_ERROR_NOT_INITIALIZED) [nsIMessageSender.sendAsyncMessage]"  nsresult: "0xc1f30001 (NS_ERROR_NOT_INITIALIZED)"  location: "JS frame :: resource://devtools/shared/base-loader.js -> resource://devtools/shared/webconsole/network-monitor.js :: NetworkEventActorProxy.methodFactory/< :: line 1690"  data: no]
Stack: NetworkEventActorProxy.methodFactory/<@resource://devtools/shared/base-loader.js -> resource://devtools/shared/webconsole/network-monitor.js:1690:5
exports.makeInfallible/<@resource://devtools/shared/base-loader.js -> resource://devtools/shared/ThreadSafeDevToolsUtils.js:109:14
_onComplete@resource://devtools/shared/base-loader.js -> resource://devtools/shared/webconsole/network-monitor.js:620:5
onStreamClose@resource://devtools/shared/base-loader.js -> resource://devtools/shared/webconsole/network-monitor.js:577:7
onInputStreamReady@resource://devtools/shared/base-loader.js -> resource://devtools/shared/webconsole/network-monitor.js:668:7
Line: 1690, column: 0
console.error: 
  Handler function NetworkEventActorProxy.addResponseContent threw an exception: [Exception... "Component returned failure code: 0xc1f30001 (NS_ERROR_NOT_INITIALIZED) [nsIMessageSender.sendAsyncMessage]"  nsresult: "0xc1f30001 (NS_ERROR_NOT_INITIALIZED)"  location: "JS frame :: resource://devtools/shared/base-loader.js -> resource://devtools/shared/webconsole/network-monitor.js :: NetworkEventActorProxy.methodFactory/< :: line 1690"  data: no]
Stack: NetworkEventActorProxy.methodFactory/<@resource://devtools/shared/base-loader.js -> resource://devtools/shared/webconsole/network-monitor.js:1690:5
exports.makeInfallible/<@resource://devtools/shared/base-loader.js -> resource://devtools/shared/ThreadSafeDevToolsUtils.js:109:14
_onComplete@resource://devtools/shared/base-loader.js -> resource://devtools/shared/webconsole/network-monitor.js:620:5
onStreamClose@resource://devtools/shared/base-loader.js -> resource://devtools/shared/webconsole/network-monitor.js:577:7
onInputStreamReady@resource://devtools/shared/base-loader.js -> resource://devtools/shared/webconsole/network-monitor.js:668:7
Line: 1690, column: 0
1513921406132	geckodriver	INFO	geckodriver 0.19.1
1513921406137	geckodriver	INFO	Listening on 127.0.0.1:55187
1513921407281	mozrunner::runner	INFO	Running command: "/usr/bin/firefox" "-marionette" "-profile" "/tmp/rust_mozprofile.17DwMbyHO3jC"
1513921407830	Marionette	INFO	Enabled via --marionette
1513921409347	Marionette	INFO	Listening on port 43744
1513921409395	Marionette	WARN	TLS certificate errors will be ignored for this session
1513921409457	Marionette	DEBUG	Register listener.js for window 2147483649
1513921409488	Marionette	DEBUG	Received DOM event "beforeunload" for "about:blank"
1513921409916	Marionette	DEBUG	Received DOM event "pagehide" for "about:blank"
1513921409917	Marionette	DEBUG	Received DOM event "unload" for "about:blank"
1513921410121	Marionette	DEBUG	Received DOM event "pageshow" for "https://www.delta.com/"
1513921410137	Marionette	DEBUG	Received DOM event "DOMContentLoaded" for "https://www.delta.com/"
1513921412719	Marionette	DEBUG	Received DOM event "DOMContentLoaded" for "https://www.delta.com/"
1513921413590	Marionette	DEBUG	Received observer notification "outer-window-destroyed" for "2147483657"
ATTENTION: default value of option force_s3tc_enable overridden by environment.
1513921415729	Marionette	DEBUG	Received DOM event "pageshow" for "https://www.delta.com/"
1513921418175	Marionette	DEBUG	Received observer notification "outer-window-destroyed" for "2147483665"
1513921418176	Marionette	DEBUG	Received observer notification "outer-window-destroyed" for "2147483667"
1513921418225	Marionette	DEBUG	Canceled page load listener because no navigation has been detected
1513921418635	Marionette	DEBUG	Received observer notification "outer-window-destroyed" for "2147483671"
1513921418660	Marionette	DEBUG	Canceled page load listener because no navigation has been detected
1513922079826	geckodriver	INFO	geckodriver 0.19.1
1513922079830	geckodriver	INFO	Listening on 127.0.0.1:36202
1513922080969	mozrunner::runner	INFO	Running command: "/usr/bin/firefox" "-marionette" "-profile" "/tmp/rust_mozprofile.G8u1DXk7bksu"
1513922081500	Marionette	INFO	Enabled via --marionette
1513922082707	Marionette	INFO	Listening on port 46430
1513922082788	Marionette	WARN	TLS certificate errors will be ignored for this session
1513922082854	Marionette	DEBUG	Register listener.js for window 2147483649
1513922082872	Marionette	DEBUG	Received DOM event "beforeunload" for "about:blank"
1513922083192	Marionette	DEBUG	Received DOM event "pagehide" for "about:blank"
1513922083193	Marionette	DEBUG	Received DOM event "unload" for "about:blank"
1513922083353	Marionette	DEBUG	Received DOM event "pageshow" for "https://www.delta.com/"
1513922083376	Marionette	DEBUG	Received DOM event "DOMContentLoaded" for "https://www.delta.com/"
1513922087168	Marionette	DEBUG	Received DOM event "DOMContentLoaded" for "https://www.delta.com/"
1513922088515	Marionette	DEBUG	Received observer notification "outer-window-destroyed" for "2147483657"
ATTENTION: default value of option force_s3tc_enable overridden by environment.
1513922090382	Marionette	DEBUG	Received DOM event "pageshow" for "https://www.delta.com/"
1513922092741	Marionette	DEBUG	Received observer notification "outer-window-destroyed" for "2147483665"
1513922092752	Marionette	DEBUG	Received observer notification "outer-window-destroyed" for "2147483667"
1513922092797	Marionette	DEBUG	Canceled page load listener because no navigation has been detected
1513922093022	Marionette	DEBUG	Received observer notification "outer-window-destroyed" for "2147483671"
1513922093169	Marionette	DEBUG	Canceled page load listener because no navigation has been detected
[Child 5008, Chrome_ChildThread] WARNING: pipe error: Broken pipe: file /build/firefox-bfYN6l/firefox-57.0.1+build2/ipc/chromium/src/chrome/common/ipc_channel_posix.cc, line 709
[Child 5008, Chrome_ChildThread] WARNING: pipe error (3): Connection reset by peer: file /build/firefox-bfYN6l/firefox-57.0.1+build2/ipc/chromium/src/chrome/common/ipc_channel_posix.cc, line 353
1513922179180	geckodriver	INFO	geckodriver 0.19.1
1513922179185	geckodriver	INFO	Listening on 127.0.0.1:49064
1513922180323	mozrunner::runner	INFO	Running command: "/usr/bin/firefox" "-marionette" "-profile" "/tmp/rust_mozprofile.ArBOatIneO0l"
1513922180848	Marionette	INFO	Enabled via --marionette
1513922182155	Marionette	INFO	Listening on port 35983
1513922182234	Marionette	WARN	TLS certificate errors will be ignored for this session
1513922182295	Marionette	DEBUG	Register listener.js for window 2147483649
1513922182315	Marionette	DEBUG	Received DOM event "beforeunload" for "about:blank"
1513922182889	Marionette	DEBUG	Received DOM event "pagehide" for "about:blank"
1513922182890	Marionette	DEBUG	Received DOM event "unload" for "about:blank"
1513922183182	Marionette	DEBUG	Received DOM event "pageshow" for "https://www.delta.com/"
1513922183198	Marionette	DEBUG	Received DOM event "DOMContentLoaded" for "https://www.delta.com/"
1513922186623	Marionette	DEBUG	Received DOM event "DOMContentLoaded" for "https://www.delta.com/"
1513922187584	Marionette	DEBUG	Received observer notification "outer-window-destroyed" for "2147483657"
ATTENTION: default value of option force_s3tc_enable overridden by environment.
1513922189871	Marionette	DEBUG	Received DOM event "pageshow" for "https://www.delta.com/"
1513922192152	Marionette	DEBUG	Received observer notification "outer-window-destroyed" for "2147483665"
1513922192162	Marionette	DEBUG	Received observer notification "outer-window-destroyed" for "2147483667"
1513922192217	Marionette	DEBUG	Canceled page load listener because no navigation has been detected
1513922192435	Marionette	DEBUG	Received observer notification "outer-window-destroyed" for "2147483671"
1513922192564	Marionette	DEBUG	Canceled page load listener because no navigation has been detected
1513922203335	Marionette	DEBUG	Received DOM event "beforeunload" for "https://www.delta.com/air-shopping/flexDates.action"
1513922203517	Marionette	DEBUG	Received DOM event "pagehide" for "https://www.delta.com/air-shopping/flexDates.action"
1513922203521	Marionette	DEBUG	Received DOM event "unload" for "https://www.delta.com/air-shopping/flexDates.action"
1513922203589	Marionette	DEBUG	Received DOM event "pageshow" for "https://www.delta.com/"
1513922203616	Marionette	DEBUG	Received DOM event "DOMContentLoaded" for "https://www.delta.com/"
1513922203626	Marionette	DEBUG	Received observer notification "outer-window-destroyed" for "2147483680"
1513922203626	Marionette	DEBUG	Received observer notification "outer-window-destroyed" for "2147483675"
1513922203627	Marionette	DEBUG	Received observer notification "outer-window-destroyed" for "2147483678"
JavaScript error: https://content.delta.com/content/dam/delta-applications/js/home/v4.12.0/compositeHome.min.js, line 1: Error: cannot call methods on selectmenu prior to initialization; attempted to call method 'refresh'
1513922205131	Marionette	DEBUG	Received DOM event "DOMContentLoaded" for "https://www.delta.com/"
1513922205395	Marionette	DEBUG	Received observer notification "outer-window-destroyed" for "2147483685"
1513922212161	Marionette	DEBUG	Received DOM event "pageshow" for "https://www.delta.com/"
1513922214424	Marionette	DEBUG	Received observer notification "outer-window-destroyed" for "2147483693"
1513922214429	Marionette	DEBUG	Received observer notification "outer-window-destroyed" for "2147483695"
1513922214529	Marionette	DEBUG	Canceled page load listener because no navigation has been detected
1513922214770	Marionette	DEBUG	Received observer notification "outer-window-destroyed" for "2147483699"
1513922214888	Marionette	DEBUG	Canceled page load listener because no navigation has been detected
1513987454483	geckodriver	INFO	geckodriver 0.19.1
1513987454501	geckodriver	INFO	Listening on 127.0.0.1:50359
1513987455669	mozrunner::runner	INFO	Running command: "/usr/bin/firefox" "-marionette" "-profile" "/tmp/rust_mozprofile.lmay1nZ64UEj"
1513987458438	Marionette	INFO	Enabled via --marionette
1513987460915	Marionette	INFO	Listening on port 39531
1513987461009	Marionette	WARN	TLS certificate errors will be ignored for this session
1513987461085	Marionette	DEBUG	Register listener.js for window 2147483649
1513987461170	Marionette	DEBUG	Received DOM event "beforeunload" for "about:blank"
1513987461506	Marionette	DEBUG	Received DOM event "pagehide" for "about:blank"
1513987461507	Marionette	DEBUG	Received DOM event "unload" for "about:blank"
1513987461619	Marionette	DEBUG	Received DOM event "pageshow" for "https://www.delta.com/"
1513987461635	Marionette	DEBUG	Received DOM event "DOMContentLoaded" for "https://www.delta.com/"
1513987463409	Marionette	DEBUG	Received DOM event "DOMContentLoaded" for "https://www.delta.com/"
1513987464221	Marionette	DEBUG	Received observer notification "outer-window-destroyed" for "2147483657"
ATTENTION: default value of option force_s3tc_enable overridden by environment.
1513987465904	Marionette	DEBUG	Received DOM event "pageshow" for "https://www.delta.com/"
1513987468723	Marionette	DEBUG	Canceled page load listener because no navigation has been detected
1513987469071	Marionette	DEBUG	Canceled page load listener because no navigation has been detected
1513988883520	geckodriver	INFO	geckodriver 0.19.1
1513988883525	geckodriver	INFO	Listening on 127.0.0.1:36370
1513988884668	mozrunner::runner	INFO	Running command: "/usr/bin/firefox" "-marionette" "-profile" "/tmp/rust_mozprofile.WICS6Z5yGOZJ"
1513988885226	Marionette	INFO	Enabled via --marionette
1513988886417	Marionette	INFO	Listening on port 42029
1513988886500	Marionette	WARN	TLS certificate errors will be ignored for this session
1513988886561	Marionette	DEBUG	Register listener.js for window 2147483649
1513988886582	Marionette	DEBUG	Received DOM event "beforeunload" for "about:blank"
1513988886974	Marionette	DEBUG	Received DOM event "pagehide" for "about:blank"
1513988886975	Marionette	DEBUG	Received DOM event "unload" for "about:blank"
1513988887112	Marionette	DEBUG	Received DOM event "pageshow" for "https://www.delta.com/"
1513988887128	Marionette	DEBUG	Received DOM event "DOMContentLoaded" for "https://www.delta.com/"
1513988888724	Marionette	DEBUG	Received DOM event "DOMContentLoaded" for "https://www.delta.com/"
1513988889977	Marionette	DEBUG	Received observer notification "outer-window-destroyed" for "2147483657"
ATTENTION: default value of option force_s3tc_enable overridden by environment.
1513988892336	Marionette	DEBUG	Received DOM event "pageshow" for "https://www.delta.com/"
1513988894746	Marionette	DEBUG	Received observer notification "outer-window-destroyed" for "2147483665"
1513988894747	Marionette	DEBUG	Received observer notification "outer-window-destroyed" for "2147483667"
1513988894781	Marionette	DEBUG	Canceled page load listener because no navigation has been detected
1513988895087	Marionette	DEBUG	Canceled page load listener because no navigation has been detected
1513988918407	Marionette	DEBUG	Canceled page load listener because no navigation has been detected
JavaScript error: https://content.delta.com/content/dam/delta-applications/js/sitewide/v4.12.0/criticalPath.min.js, line 1: Error: TrackJS Caught: flexDatesSearchObj.preloadImages is not a function
[Child 10112, Chrome_ChildThread] WARNING: pipe error: Broken pipe: file /build/firefox-bfYN6l/firefox-57.0.1+build2/ipc/chromium/src/chrome/common/ipc_channel_posix.cc, line 709
1513990611394	geckodriver	INFO	geckodriver 0.19.1
1513990611401	geckodriver	INFO	Listening on 127.0.0.1:46074
1513990612552	mozrunner::runner	INFO	Running command: "/usr/bin/firefox" "-marionette" "-profile" "/tmp/rust_mozprofile.XUmnTDu2tMFX"
1513990613162	Marionette	INFO	Enabled via --marionette
1513990614354	Marionette	INFO	Listening on port 41036
1513990614379	Marionette	WARN	TLS certificate errors will be ignored for this session
1513990614440	Marionette	DEBUG	Register listener.js for window 2147483649
1513990614470	Marionette	DEBUG	Received DOM event "beforeunload" for "about:blank"
1513990614772	Marionette	DEBUG	Received DOM event "pagehide" for "about:blank"
1513990614772	Marionette	DEBUG	Received DOM event "unload" for "about:blank"
1513990614882	Marionette	DEBUG	Received DOM event "pageshow" for "https://www.delta.com/"
1513990614898	Marionette	DEBUG	Received DOM event "DOMContentLoaded" for "https://www.delta.com/"
1513990616446	Marionette	DEBUG	Received DOM event "DOMContentLoaded" for "https://www.delta.com/"
1513990616865	Marionette	DEBUG	Received observer notification "outer-window-destroyed" for "2147483657"
ATTENTION: default value of option force_s3tc_enable overridden by environment.
1513990618772	Marionette	DEBUG	Received DOM event "pageshow" for "https://www.delta.com/"
1513990620987	Marionette	DEBUG	Received observer notification "outer-window-destroyed" for "2147483665"
1513990620995	Marionette	DEBUG	Received observer notification "outer-window-destroyed" for "2147483667"
1513990621046	Marionette	DEBUG	Canceled page load listener because no navigation has been detected
1513990621327	Marionette	DEBUG	Canceled page load listener because no navigation has been detected
1513990741111	geckodriver	INFO	geckodriver 0.19.1
1513990741115	geckodriver	INFO	Listening on 127.0.0.1:46001
1513990742265	mozrunner::runner	INFO	Running command: "/usr/bin/firefox" "-marionette" "-profile" "/tmp/rust_mozprofile.Jw1LZdrlsGxj"
1513990742857	Marionette	INFO	Enabled via --marionette
1513990744367	Marionette	INFO	Listening on port 38254
1513990744379	Marionette	WARN	TLS certificate errors will be ignored for this session
1513990744445	Marionette	DEBUG	Register listener.js for window 2147483649
1513990744599	Marionette	DEBUG	Received DOM event "beforeunload" for "about:blank"
1513990744913	Marionette	DEBUG	Received DOM event "pagehide" for "about:blank"
1513990744914	Marionette	DEBUG	Received DOM event "unload" for "about:blank"
1513990745025	Marionette	DEBUG	Received DOM event "pageshow" for "https://www.delta.com/"
1513990745041	Marionette	DEBUG	Received DOM event "DOMContentLoaded" for "https://www.delta.com/"
1513990746518	Marionette	DEBUG	Received DOM event "DOMContentLoaded" for "https://www.delta.com/"
1513990747124	Marionette	DEBUG	Received observer notification "outer-window-destroyed" for "2147483657"
ATTENTION: default value of option force_s3tc_enable overridden by environment.
1513990748948	Marionette	DEBUG	Received DOM event "pageshow" for "https://www.delta.com/"
1513990750991	Marionette	DEBUG	Received observer notification "outer-window-destroyed" for "2147483665"
1513990750993	Marionette	DEBUG	Received observer notification "outer-window-destroyed" for "2147483667"
1513990751019	Marionette	DEBUG	Canceled page load listener because no navigation has been detected
1513990751317	Marionette	DEBUG	Canceled page load listener because no navigation has been detected
1513990888268	Marionette	DEBUG	Register listener.js for window 4294967297
1513990888314	Marionette	DEBUG	Register listener.js for window 4294967299
1513990895836	geckodriver	INFO	geckodriver 0.19.1
1513990895843	geckodriver	INFO	Listening on 127.0.0.1:37612
1513990896979	mozrunner::runner	INFO	Running command: "/usr/bin/firefox" "-marionette" "-profile" "/tmp/rust_mozprofile.0WOBsoYuqz0H"
1513990897552	Marionette	INFO	Enabled via --marionette
1513990899220	Marionette	INFO	Listening on port 43208
1513990899288	Marionette	WARN	TLS certificate errors will be ignored for this session
1513990899349	Marionette	DEBUG	Register listener.js for window 2147483649
1513990899378	Marionette	DEBUG	Received DOM event "beforeunload" for "about:blank"
1513990899882	Marionette	DEBUG	Received DOM event "pagehide" for "about:blank"
1513990899882	Marionette	DEBUG	Received DOM event "unload" for "about:blank"
1513990900025	Marionette	DEBUG	Received DOM event "pageshow" for "https://www.delta.com/"
1513990900049	Marionette	DEBUG	Received DOM event "DOMContentLoaded" for "https://www.delta.com/"
1513990901568	Marionette	DEBUG	Received DOM event "DOMContentLoaded" for "https://www.delta.com/"
1513990902224	Marionette	DEBUG	Received observer notification "outer-window-destroyed" for "2147483657"
ATTENTION: default value of option force_s3tc_enable overridden by environment.
1513990903928	Marionette	DEBUG	Received DOM event "pageshow" for "https://www.delta.com/"
1513990906173	Marionette	DEBUG	Canceled page load listener because no navigation has been detected
1513990927040	Marionette	DEBUG	Received observer notification "outer-window-destroyed" for "2147483665"
1513990927041	Marionette	DEBUG	Received observer notification "outer-window-destroyed" for "2147483667"
1513990927187	Marionette	DEBUG	Canceled page load listener because no navigation has been detected
1513990927455	Marionette	DEBUG	Received observer notification "outer-window-destroyed" for "2147483671"
1513990927585	Marionette	DEBUG	Canceled page load listener because no navigation has been detected
1514694545715	geckodriver	INFO	geckodriver 0.19.1
1514694545735	geckodriver	INFO	Listening on 127.0.0.1:38377
1514694546910	mozrunner::runner	INFO	Running command: "/usr/bin/firefox" "-marionette" "-profile" "/tmp/rust_mozprofile.Gu0opyBTgHZz"
1514694549666	Marionette	INFO	Enabled via --marionette
1514694552545	Marionette	INFO	Listening on port 33085
1514694552717	Marionette	WARN	TLS certificate errors will be ignored for this session
1514694552779	Marionette	DEBUG	Register listener.js for window 2147483649
1514694552890	Marionette	DEBUG	Received DOM event "beforeunload" for "about:blank"
1514694553921	Marionette	DEBUG	Received DOM event "pagehide" for "about:blank"
1514694553922	Marionette	DEBUG	Received DOM event "unload" for "about:blank"
1514694568319	Marionette	DEBUG	Received DOM event "DOMContentLoaded" for "https://www.aa.com/homePage.do"
1514694568754	Marionette	DEBUG	Received observer notification "outer-window-destroyed" for "2147483659"
1514694570906	Marionette	DEBUG	Received DOM event "pageshow" for "https://www.aa.com/homePage.do"
1514694573290	Marionette	DEBUG	Canceled page load listener because no navigation has been detected
1514694573515	Marionette	DEBUG	Received DOM event "pagehide" for "https://www.aa.com/homePage.do"
1514694573517	Marionette	DEBUG	Received DOM event "unload" for "https://www.aa.com/homePage.do"
1514694573550	Marionette	DEBUG	Received DOM event "DOMContentLoaded" for "https://www.aa.com/sorry.html"
1514694573551	Marionette	DEBUG	Received observer notification "outer-window-destroyed" for "2147483653"
1514694573551	Marionette	DEBUG	Received observer notification "outer-window-destroyed" for "2147483655"
1514694573551	Marionette	DEBUG	Received observer notification "outer-window-destroyed" for "2147483657"
1514694573551	Marionette	DEBUG	Received observer notification "outer-window-destroyed" for "2147483661"
1514694573552	Marionette	DEBUG	Received observer notification "outer-window-destroyed" for "2147483663"
1514694573552	Marionette	DEBUG	Received observer notification "outer-window-destroyed" for "2147483665"
1514694573552	Marionette	DEBUG	Received observer notification "outer-window-destroyed" for "2147483667"
1514694573553	Marionette	DEBUG	Received observer notification "outer-window-destroyed" for "2147483669"
1514694573553	Marionette	DEBUG	Received observer notification "outer-window-destroyed" for "2147483671"
1514694573701	Marionette	DEBUG	Received DOM event "pageshow" for "https://www.aa.com/sorry.html"
1514694729353	geckodriver	INFO	geckodriver 0.19.1
1514694729360	geckodriver	INFO	Listening on 127.0.0.1:36069
1514694730509	mozrunner::runner	INFO	Running command: "/usr/bin/firefox" "-marionette" "-profile" "/tmp/rust_mozprofile.AhK6MQtNXgvG"
1514694731012	Marionette	INFO	Enabled via --marionette
1514694732292	Marionette	INFO	Listening on port 36875
1514694732318	Marionette	WARN	TLS certificate errors will be ignored for this session
1514694732380	Marionette	DEBUG	Register listener.js for window 2147483649
1514694732415	Marionette	DEBUG	Received DOM event "beforeunload" for "about:blank"
1514694733109	Marionette	DEBUG	Received DOM event "pagehide" for "about:blank"
1514694733110	Marionette	DEBUG	Received DOM event "unload" for "about:blank"
1514694734384	Marionette	DEBUG	Received DOM event "DOMContentLoaded" for "https://www.aa.com/booking/find-flights"
1514694734616	Marionette	DEBUG	Received observer notification "outer-window-destroyed" for "2147483659"
1514694734932	Marionette	DEBUG	Received DOM event "pageshow" for "https://www.aa.com/booking/find-flights"
1514694735486	Marionette	DEBUG	Canceled page load listener because no navigation has been detected
1514694804556	geckodriver	INFO	geckodriver 0.19.1
1514694804563	geckodriver	INFO	Listening on 127.0.0.1:34189
1514694805711	mozrunner::runner	INFO	Running command: "/usr/bin/firefox" "-marionette" "-profile" "/tmp/rust_mozprofile.h07piWIxPIeu"
1514694806270	Marionette	INFO	Enabled via --marionette
1514694807520	Marionette	INFO	Listening on port 46350
1514694807627	Marionette	WARN	TLS certificate errors will be ignored for this session
1514694807688	Marionette	DEBUG	Register listener.js for window 2147483649
1514694807706	Marionette	DEBUG	Received DOM event "beforeunload" for "about:blank"
1514694808524	Marionette	DEBUG	Received DOM event "pagehide" for "about:blank"
1514694808525	Marionette	DEBUG	Received DOM event "unload" for "about:blank"
1514694810115	Marionette	DEBUG	Received DOM event "DOMContentLoaded" for "https://www.aa.com/booking/find-flights"
1514694810325	Marionette	DEBUG	Received observer notification "outer-window-destroyed" for "2147483659"
1514694810716	Marionette	DEBUG	Received DOM event "pageshow" for "https://www.aa.com/booking/find-flights"
1514694811258	Marionette	DEBUG	Canceled page load listener because no navigation has been detected
1514694813433	Marionette	DEBUG	Received DOM event "beforeunload" for "https://www.aa.com/booking/find-flights"
1514694814124	Marionette	DEBUG	Received DOM event "pagehide" for "https://www.aa.com/booking/find-flights"
1514694814129	Marionette	DEBUG	Received DOM event "unload" for "https://www.aa.com/booking/find-flights"
1514694814181	Marionette	DEBUG	Received DOM event "DOMContentLoaded" for "https://www.aa.com/sorry.html"
1514694814182	Marionette	DEBUG	Received observer notification "outer-window-destroyed" for "2147483653"
1514694814182	Marionette	DEBUG	Received observer notification "outer-window-destroyed" for "2147483655"
1514694814182	Marionette	DEBUG	Received observer notification "outer-window-destroyed" for "2147483657"
1514694814234	Marionette	DEBUG	Received DOM event "pageshow" for "https://www.aa.com/sorry.html"
1514694831125	Marionette	DEBUG	Received DOM event "popstate" for "https://www.aa.com/reservation/awardFlightSearchSubmit.do?bookingPathStateId=1514694822657-189&_button_success=GO#z"
*** UTM:SVC TimerManager:registerTimer called after profile-before-change notification. Ignoring timer registration for id: telemetry_modules_ping
1514694862013	geckodriver	INFO	geckodriver 0.19.1
1514694862016	geckodriver	INFO	Listening on 127.0.0.1:43594
1514694863169	mozrunner::runner	INFO	Running command: "/usr/bin/firefox" "-marionette" "-profile" "/tmp/rust_mozprofile.Y9JIHeKOCPqE"
1514694863832	Marionette	INFO	Enabled via --marionette
1514694865293	Marionette	INFO	Listening on port 42515
1514694865386	Marionette	WARN	TLS certificate errors will be ignored for this session
1514694865449	Marionette	DEBUG	Register listener.js for window 2147483649
1514694865475	Marionette	DEBUG	Received DOM event "beforeunload" for "about:blank"
1514694866051	Marionette	DEBUG	Received DOM event "pagehide" for "about:blank"
1514694866051	Marionette	DEBUG	Received DOM event "unload" for "about:blank"
1514694867420	Marionette	DEBUG	Received DOM event "DOMContentLoaded" for "https://www.aa.com/booking/find-flights"
1514694867681	Marionette	DEBUG	Received observer notification "outer-window-destroyed" for "2147483659"
1514694867972	Marionette	DEBUG	Received DOM event "pageshow" for "https://www.aa.com/booking/find-flights"
1514694868531	Marionette	DEBUG	Canceled page load listener because no navigation has been detected
1514694875772	Marionette	DEBUG	Received DOM event "beforeunload" for "https://www.aa.com/booking/find-flights"
1514694876059	Marionette	DEBUG	Received DOM event "pagehide" for "https://www.aa.com/booking/find-flights"
1514694876066	Marionette	DEBUG	Received DOM event "unload" for "https://www.aa.com/booking/find-flights"
1514694876368	Marionette	DEBUG	Received DOM event "DOMContentLoaded" for "https://www.aa.com/booking/find-flights"
1514694876409	Marionette	DEBUG	Received observer notification "outer-window-destroyed" for "2147483653"
1514694876410	Marionette	DEBUG	Received observer notification "outer-window-destroyed" for "2147483655"
1514694876410	Marionette	DEBUG	Received observer notification "outer-window-destroyed" for "2147483657"
1514694876462	Marionette	DEBUG	Received observer notification "outer-window-destroyed" for "2147483662"
1514694876548	Marionette	DEBUG	Received DOM event "pageshow" for "https://www.aa.com/booking/find-flights"
1514694884093	Marionette	DEBUG	Received observer notification "outer-window-destroyed" for "2147483669"
1514694884103	Marionette	DEBUG	Received DOM event "popstate" for "https://www.aa.com/reservation/awardFlightSearchSubmit.do?bookingPathStateId=1514694875932-892&_button_success=GO#z"
Handler function NetworkEventActorProxy.addSecurityInfo threw an exception: [Exception... "Component returned failure code: 0xc1f30001 (NS_ERROR_NOT_INITIALIZED) [nsIMessageSender.sendAsyncMessage]"  nsresult: "0xc1f30001 (NS_ERROR_NOT_INITIALIZED)"  location: "JS frame :: resource://devtools/shared/base-loader.js -> resource://devtools/shared/webconsole/network-monitor.js :: NetworkEventActorProxy.methodFactory/< :: line 1690"  data: no]
Stack: NetworkEventActorProxy.methodFactory/<@resource://devtools/shared/base-loader.js -> resource://devtools/shared/webconsole/network-monitor.js:1690:5
exports.makeInfallible/<@resource://devtools/shared/base-loader.js -> resource://devtools/shared/ThreadSafeDevToolsUtils.js:109:14
NetworkResponseListener.prototype._getSecurityInfo<@resource://devtools/shared/base-loader.js -> resource://devtools/shared/webconsole/network-monitor.js:495:5
exports.makeInfallible/<@resource://devtools/shared/base-loader.js -> resource://devtools/shared/ThreadSafeDevToolsUtils.js:109:14
onStartRequest@resource://devtools/shared/base-loader.js -> resource://devtools/shared/webconsole/network-monitor.js:436:5
Line: 1690, column: 0
console.error: 
  Handler function NetworkEventActorProxy.addSecurityInfo threw an exception: [Exception... "Component returned failure code: 0xc1f30001 (NS_ERROR_NOT_INITIALIZED) [nsIMessageSender.sendAsyncMessage]"  nsresult: "0xc1f30001 (NS_ERROR_NOT_INITIALIZED)"  location: "JS frame :: resource://devtools/shared/base-loader.js -> resource://devtools/shared/webconsole/network-monitor.js :: NetworkEventActorProxy.methodFactory/< :: line 1690"  data: no]
Stack: NetworkEventActorProxy.methodFactory/<@resource://devtools/shared/base-loader.js -> resource://devtools/shared/webconsole/network-monitor.js:1690:5
exports.makeInfallible/<@resource://devtools/shared/base-loader.js -> resource://devtools/shared/ThreadSafeDevToolsUtils.js:109:14
NetworkResponseListener.prototype._getSecurityInfo<@resource://devtools/shared/base-loader.js -> resource://devtools/shared/webconsole/network-monitor.js:495:5
exports.makeInfallible/<@resource://devtools/shared/base-loader.js -> resource://devtools/shared/ThreadSafeDevToolsUtils.js:109:14
onStartRequest@resource://devtools/shared/base-loader.js -> resource://devtools/shared/webconsole/network-monitor.js:436:5
Line: 1690, column: 0
Handler function NetworkEventActorProxy.addResponseContent threw an exception: [Exception... "Component returned failure code: 0xc1f30001 (NS_ERROR_NOT_INITIALIZED) [nsIMessageSender.sendAsyncMessage]"  nsresult: "0xc1f30001 (NS_ERROR_NOT_INITIALIZED)"  location: "JS frame :: resource://devtools/shared/base-loader.js -> resource://devtools/shared/webconsole/network-monitor.js :: NetworkEventActorProxy.methodFactory/< :: line 1690"  data: no]
Stack: NetworkEventActorProxy.methodFactory/<@resource://devtools/shared/base-loader.js -> resource://devtools/shared/webconsole/network-monitor.js:1690:5
exports.makeInfallible/<@resource://devtools/shared/base-loader.js -> resource://devtools/shared/ThreadSafeDevToolsUtils.js:109:14
_onComplete@resource://devtools/shared/base-loader.js -> resource://devtools/shared/webconsole/network-monitor.js:620:5
onStreamClose@resource://devtools/shared/base-loader.js -> resource://devtools/shared/webconsole/network-monitor.js:577:7
onInputStreamReady@resource://devtools/shared/base-loader.js -> resource://devtools/shared/webconsole/network-monitor.js:668:7
Line: 1690, column: 0
console.error: 
  Handler function NetworkEventActorProxy.addResponseContent threw an exception: [Exception... "Component returned failure code: 0xc1f30001 (NS_ERROR_NOT_INITIALIZED) [nsIMessageSender.sendAsyncMessage]"  nsresult: "0xc1f30001 (NS_ERROR_NOT_INITIALIZED)"  location: "JS frame :: resource://devtools/shared/base-loader.js -> resource://devtools/shared/webconsole/network-monitor.js :: NetworkEventActorProxy.methodFactory/< :: line 1690"  data: no]
Stack: NetworkEventActorProxy.methodFactory/<@resource://devtools/shared/base-loader.js -> resource://devtools/shared/webconsole/network-monitor.js:1690:5
exports.makeInfallible/<@resource://devtools/shared/base-loader.js -> resource://devtools/shared/ThreadSafeDevToolsUtils.js:109:14
_onComplete@resource://devtools/shared/base-loader.js -> resource://devtools/shared/webconsole/network-monitor.js:620:5
onStreamClose@resource://devtools/shared/base-loader.js -> resource://devtools/shared/webconsole/network-monitor.js:577:7
onInputStreamReady@resource://devtools/shared/base-loader.js -> resource://devtools/shared/webconsole/network-monitor.js:668:7
Line: 1690, column: 0
IPDL protocol error: Handler returned error code!

###!!! [Parent][DispatchAsyncMessage] Error: PLayerTransaction::Msg_ReleaseLayer Processing error: message was deserialized, but the handler returned false (indicating failure)

IPDL protocol error: Handler returned error code!

###!!! [Parent][DispatchAsyncMessage] Error: PLayerTransaction::Msg_ReleaseLayer Processing error: message was deserialized, but the handler returned false (indicating failure)

IPDL protocol error: Handler returned error code!

###!!! [Parent][DispatchAsyncMessage] Error: PLayerTransaction::Msg_ReleaseLayer Processing error: message was deserialized, but the handler returned false (indicating failure)

IPDL protocol error: Handler returned error code!

###!!! [Parent][DispatchAsyncMessage] Error: PLayerTransaction::Msg_ReleaseLayer Processing error: message was deserialized, but the handler returned false (indicating failure)

IPDL protocol error: Handler returned error code!

###!!! [Parent][DispatchAsyncMessage] Error: PLayerTransaction::Msg_ReleaseLayer Processing error: message was deserialized, but the handler returned false (indicating failure)

IPDL protocol error: Handler returned error code!

###!!! [Parent][DispatchAsyncMessage] Error: PLayerTransaction::Msg_ReleaseLayer Processing error: message was deserialized, but the handler returned false (indicating failure)

IPDL protocol error: Handler returned error code!

###!!! [Parent][DispatchAsyncMessage] Error: PLayerTransaction::Msg_ReleaseLayer Processing error: message was deserialized, but the handler returned false (indicating failure)

IPDL protocol error: Handler returned error code!

###!!! [Parent][DispatchAsyncMessage] Error: PLayerTransaction::Msg_ReleaseLayer Processing error: message was deserialized, but the handler returned false (indicating failure)

1514736863065	geckodriver	INFO	geckodriver 0.19.1
1514736863068	geckodriver	INFO	Listening on 127.0.0.1:60674
1514736864167	mozrunner::runner	INFO	Running command: "/usr/bin/firefox" "-marionette" "-profile" "/tmp/rust_mozprofile.9VjB2td0Oafa"
1514736864700	Marionette	INFO	Enabled via --marionette
1514736866043	Marionette	INFO	Listening on port 41275
1514736866080	Marionette	WARN	TLS certificate errors will be ignored for this session
1514736866145	Marionette	DEBUG	Register listener.js for window 2147483649
1514736866191	Marionette	DEBUG	Received DOM event "beforeunload" for "about:blank"
1514736866569	Marionette	DEBUG	Received DOM event "pagehide" for "about:blank"
1514736866569	Marionette	DEBUG	Received DOM event "unload" for "about:blank"
1514736867868	Marionette	DEBUG	Received DOM event "DOMContentLoaded" for "https://www.aa.com/booking/find-flights"
1514736868098	Marionette	DEBUG	Received observer notification "outer-window-destroyed" for "2147483659"
1514736868463	Marionette	DEBUG	Received DOM event "pageshow" for "https://www.aa.com/booking/find-flights"
1514736869043	Marionette	DEBUG	Canceled page load listener because no navigation has been detected
1514736875685	Marionette	DEBUG	Received DOM event "beforeunload" for "https://www.aa.com/booking/find-flights"
1514736875864	Marionette	DEBUG	Received DOM event "pagehide" for "https://www.aa.com/booking/find-flights"
1514736875868	Marionette	DEBUG	Received DOM event "unload" for "https://www.aa.com/booking/find-flights"
1514736876150	Marionette	DEBUG	Received DOM event "DOMContentLoaded" for "https://www.aa.com/booking/find-flights"
1514736876210	Marionette	DEBUG	Received observer notification "outer-window-destroyed" for "2147483653"
1514736876210	Marionette	DEBUG	Received observer notification "outer-window-destroyed" for "2147483655"
1514736876210	Marionette	DEBUG	Received observer notification "outer-window-destroyed" for "2147483657"
1514736876251	Marionette	DEBUG	Received observer notification "outer-window-destroyed" for "2147483662"
1514736876325	Marionette	DEBUG	Received DOM event "pageshow" for "https://www.aa.com/booking/find-flights"
1514736884391	Marionette	DEBUG	Received DOM event "popstate" for "https://www.aa.com/reservation/awardFlightSearchSubmit.do?bookingPathStateId=1514736875772-72&_button_success=GO#z"
1514737093015	Marionette	DEBUG	Canceled page load listener because no navigation has been detected
1514744077682	geckodriver	INFO	geckodriver 0.19.1
1514744077686	geckodriver	INFO	Listening on 127.0.0.1:37921
1514744078835	mozrunner::runner	INFO	Running command: "/usr/bin/firefox" "-marionette" "-profile" "/tmp/rust_mozprofile.l5KX65f7R8Br"
1514744079363	Marionette	INFO	Enabled via --marionette
1514744080663	Marionette	INFO	Listening on port 42112
1514744080744	Marionette	WARN	TLS certificate errors will be ignored for this session
1514744080805	Marionette	DEBUG	Register listener.js for window 2147483649
1514744080823	Marionette	DEBUG	Received DOM event "beforeunload" for "about:blank"
1514744081551	Marionette	DEBUG	Received DOM event "pagehide" for "about:blank"
1514744081552	Marionette	DEBUG	Received DOM event "unload" for "about:blank"
1514744082804	Marionette	DEBUG	Received DOM event "DOMContentLoaded" for "https://www.aa.com/booking/find-flights"
1514744083050	Marionette	DEBUG	Received observer notification "outer-window-destroyed" for "2147483659"
1514744083350	Marionette	DEBUG	Received DOM event "pageshow" for "https://www.aa.com/booking/find-flights"
1514744083901	Marionette	DEBUG	Canceled page load listener because no navigation has been detected
1514744090462	Marionette	DEBUG	Received DOM event "beforeunload" for "https://www.aa.com/booking/find-flights"
1514744090949	Marionette	DEBUG	Received DOM event "pagehide" for "https://www.aa.com/booking/find-flights"
1514744090960	Marionette	DEBUG	Received DOM event "unload" for "https://www.aa.com/booking/find-flights"
1514744091268	Marionette	DEBUG	Received DOM event "DOMContentLoaded" for "https://www.aa.com/booking/find-flights"
1514744091321	Marionette	DEBUG	Received observer notification "outer-window-destroyed" for "2147483653"
1514744091322	Marionette	DEBUG	Received observer notification "outer-window-destroyed" for "2147483655"
1514744091322	Marionette	DEBUG	Received observer notification "outer-window-destroyed" for "2147483657"
1514744091365	Marionette	DEBUG	Received observer notification "outer-window-destroyed" for "2147483662"
1514744091437	Marionette	DEBUG	Received DOM event "pageshow" for "https://www.aa.com/booking/find-flights"
1514744098379	Marionette	DEBUG	Received DOM event "popstate" for "https://www.aa.com/reservation/awardFlightSearchSubmit.do?bookingPathStateId=1514744090641-97&_button_success=GO#z"
1514744098690	Marionette	DEBUG	Canceled page load listener because no navigation has been detected
1514744262138	geckodriver	INFO	geckodriver 0.19.1
1514744262142	geckodriver	INFO	Listening on 127.0.0.1:38708
1514744263259	mozrunner::runner	INFO	Running command: "/usr/bin/firefox" "-marionette" "-profile" "/tmp/rust_mozprofile.EgwK5SL5DD3T"
1514744263733	Marionette	INFO	Enabled via --marionette
1514744265014	Marionette	INFO	Listening on port 38289
1514744265068	Marionette	WARN	TLS certificate errors will be ignored for this session
1514744265131	Marionette	DEBUG	Register listener.js for window 2147483649
1514744265161	Marionette	DEBUG	Received DOM event "beforeunload" for "about:blank"
1514744266058	Marionette	DEBUG	Received DOM event "pagehide" for "about:blank"
1514744266059	Marionette	DEBUG	Received DOM event "unload" for "about:blank"
1514744267305	Marionette	DEBUG	Received DOM event "DOMContentLoaded" for "https://www.aa.com/booking/find-flights"
1514744267542	Marionette	DEBUG	Received observer notification "outer-window-destroyed" for "2147483659"
1514744267901	Marionette	DEBUG	Received DOM event "pageshow" for "https://www.aa.com/booking/find-flights"
1514744268444	Marionette	DEBUG	Canceled page load listener because no navigation has been detected
1514744274615	Marionette	DEBUG	Received DOM event "beforeunload" for "https://www.aa.com/booking/find-flights"
1514744275151	Marionette	DEBUG	Received DOM event "pagehide" for "https://www.aa.com/booking/find-flights"
1514744275156	Marionette	DEBUG	Received DOM event "unload" for "https://www.aa.com/booking/find-flights"
1514744275468	Marionette	DEBUG	Received DOM event "DOMContentLoaded" for "https://www.aa.com/booking/find-flights"
1514744275520	Marionette	DEBUG	Received observer notification "outer-window-destroyed" for "2147483653"
1514744275520	Marionette	DEBUG	Received observer notification "outer-window-destroyed" for "2147483655"
1514744275521	Marionette	DEBUG	Received observer notification "outer-window-destroyed" for "2147483657"
1514744275561	Marionette	DEBUG	Received observer notification "outer-window-destroyed" for "2147483662"
1514744275624	Marionette	DEBUG	Received DOM event "pageshow" for "https://www.aa.com/booking/find-flights"
1514744284101	Marionette	DEBUG	Received observer notification "outer-window-destroyed" for "2147483669"
1514744284106	Marionette	DEBUG	Received DOM event "popstate" for "https://www.aa.com/reservation/awardFlightSearchSubmit.do?bookingPathStateId=1514744274797-13&_button_success=GO#z"
1514744284399	Marionette	DEBUG	Canceled page load listener because no navigation has been detected
IPDL protocol error: Handler returned error code!

###!!! [Parent][DispatchAsyncMessage] Error: PLayerTransaction::Msg_ReleaseLayer Processing error: message was deserialized, but the handler returned false (indicating failure)

IPDL protocol error: Handler returned error code!

###!!! [Parent][DispatchAsyncMessage] Error: PLayerTransaction::Msg_ReleaseLayer Processing error: message was deserialized, but the handler returned false (indicating failure)

IPDL protocol error: Handler returned error code!

###!!! [Parent][DispatchAsyncMessage] Error: PLayerTransaction::Msg_ReleaseLayer Processing error: message was deserialized, but the handler returned false (indicating failure)

IPDL protocol error: Handler returned error code!

###!!! [Parent][DispatchAsyncMessage] Error: PLayerTransaction::Msg_ReleaseLayer Processing error: message was deserialized, but the handler returned false (indicating failure)

IPDL protocol error: Handler returned error code!

###!!! [Parent][DispatchAsyncMessage] Error: PLayerTransaction::Msg_ReleaseLayer Processing error: message was deserialized, but the handler returned false (indicating failure)

IPDL protocol error: Handler returned error code!

###!!! [Parent][DispatchAsyncMessage] Error: PLayerTransaction::Msg_ReleaseLayer Processing error: message was deserialized, but the handler returned false (indicating failure)

